2025-01-15 08:37:18,863 - INFO - Scraping category: /business/economy
2025-01-15 08:37:19,733 - INFO - Scraping article: https://www.news18.com/business/economy/delhi-elections-union-budget-2025-date-india-9180845.html
2025-01-15 08:37:22,179 - INFO - Scraping article: https://www.news18.com/business/markets/itc-hotels-listing-date-itc-hotels-shares-credited-to-demat-accounts-post-allotment-key-points-for-investors-9188094.html
2025-01-15 08:37:24,350 - INFO - Scraping article: https://www.news18.com/news/
2025-01-15 08:37:26,830 - INFO - Scraping article: https://www.news18.com/business/economy/pre-budget-meeting-fm-nirmala-sitharaman-meets-infra-sector-experts-to-discuss-upcoming-budget-9179864.html
2025-01-15 08:37:29,173 - INFO - Scraping article: https://www.news18.com/business/economy/wpi-base-year-committee-in-india-wholesale-price-index-9175348.html
2025-01-15 08:37:32,122 - INFO - Scraping article: https://www.news18.com/business/tax/budget-2025-income-tax-cut-likely-know-current-rates-slabs-under-new-tax-regime-vs-old-tax-regime-9176012.html
2025-01-15 08:37:34,486 - INFO - Scraping article: https://www.news18.com/business/economy/india-cut-gdp-emission-intensity-by-36-during-2005-2020-govt-report-9174896.html
2025-01-15 08:37:37,057 - INFO - Scraping article: https://www.news18.com/business/economy/forex-update-indias-foreign-exchange-reserves-drop-5-69-billion-to-634-58-billion-9185102.html
2025-01-15 08:37:39,331 - INFO - Scraping article: https://www.news18.com/business/economy/rupee-at-fresh-all-time-low-declines-13-paise-to-85-87-against-us-dollar-9182072.html
2025-01-15 08:37:42,442 - INFO - Scraping article: https://www.news18.com/business/economy/indias-manufacturing-pmi-ends-strong-2024-with-soft-note-december-activity-at-56-4-9174962.html
2025-01-15 08:37:44,838 - INFO - Scraping article: https://www.news18.com/business/economy/rupee-hits-fresh-record-low-of-85-82-against-us-dollar-check-details-9178118.html
2025-01-15 08:37:47,076 - INFO - Scraping article: https://www.news18.com/business/economy/steady-gdp-growth-likely-rate-cuts-in-2025-to-support-credit-access-of-corporates-fitch-9187279.html
2025-01-15 08:37:49,439 - INFO - Scraping article: https://www.news18.com/business/economy/factory-output-growth-hits-6-month-high-of-5-2-in-november-govt-data-9184634.html
2025-01-15 08:37:51,732 - INFO - Scraping article: https://www.news18.com/business/economy/indias-quick-commerce-boom-2-43-million-blue-collar-jobs-needed-by-2027-report-9183003.html
2025-01-15 08:37:54,075 - INFO - Scraping article: https://www.news18.com/business/economy/retail-inflation-eases-to-4-month-low-of-5-22-in-december-govt-data-9187344.html
2025-01-15 08:37:56,344 - INFO - Scraping article: https://www.news18.com/business/tax/budget-2025-revised-income-tax-slabs-higher-standard-deduction-section-80c-limit-increase-know-key-expectations-9186868.html
2025-01-15 08:37:58,617 - INFO - Scraping article: https://www.news18.com/business/economy/indian-economy-to-grow-6-4-in-2024-25-govt-estimates-9180897.html
2025-01-15 08:38:01,432 - INFO - Scraping article: https://www.news18.com/business/economy/union-budget-2025-expectations-income-tax-nirmala-sitharaman-budget-speech-9175266.html
2025-01-15 08:38:03,950 - INFO - Scraping article: https://www.news18.com/business/economy/credit-guarantee-scheme-for-msme-launch-9183083.html
2025-01-15 08:38:06,704 - INFO - Scraping article: https://www.news18.com/business/economy/substantial-improvements-in-job-creation-agriculture-manufacturing-services-during-pm-modi-tenure-vs-upa-9175189.html
2025-01-15 08:38:09,419 - INFO - Scraping article: https://www.news18.com/business/economy/gdp-growth-likely-to-be-6-3-in-fy25-tad-below-govt-estimates-sbi-report-9182125.html
2025-01-15 08:38:11,690 - INFO - Scraping article: https://www.news18.com/business/tax/gst-collection-in-december-rises-7-3-yoy-to-rs-1-77-lakh-crore-check-details-9174543.html
2025-01-15 08:38:14,102 - INFO - Scraping article: https://www.news18.com/business/economy/poverty-declines-to-below-5-rural-urban-consumption-gap-narrows-sbi-research-9176867.html
2025-01-15 08:38:16,636 - INFO - Scraping article: https://www.news18.com/business/economy/indias-palm-oil-imports-decline-as-soybean-oil-gains-market-share-9188235.html
2025-01-15 08:38:18,899 - INFO - Scraping article: https://www.news18.com/business/economy/budget-2025-expectations-education-finance-minister-nirmala-sitharaman-9188075.html
2025-01-15 08:38:21,316 - INFO - Scraping article: https://www.news18.com/business/economy/rbi-gold-purchase-reserves-india-world-gold-council-report-9180313.html
2025-01-15 08:38:23,679 - INFO - Scraping article: https://www.news18.com/business/markets/mark-mobius-says-weaker-rupee-to-help-export-oriented-companies-trump-2-0-to-benefit-india-9176292.html
2025-01-15 08:38:25,991 - INFO - Scraping article: https://www.news18.com/business/economy/budget-2025-date-and-time-when-will-fm-nirmala-sitharaman-present-modi-governments-union-budget-this-year-9175107.html
2025-01-15 08:38:28,420 - INFO - Scraping article: https://www.news18.com/business/economy/wholesale-price-inflation-rises-to-2-37-in-december-9188117.html
2025-01-15 08:38:30,715 - INFO - Scraping article: https://www.news18.com/business/economy/budget-2025-expectations-live-gst-on-gold-jewellery-gems-9182739.html
2025-01-15 08:38:33,162 - INFO - Scraping article: https://www.news18.com/business/economy/rupee-hits-86-against-us-dollar-for-the-first-time-in-history-settles-14-paise-lower-9184613.html
2025-01-15 08:38:35,457 - INFO - Scraping article: https://www.news18.com/business/
2025-01-15 08:38:38,014 - INFO - Scraping article: https://www.news18.com/business/economy/indias-forex-reserves-hit-8-month-low-fall-4-11-billion-to-640-27-billion-9176766.html
2025-01-15 08:38:40,824 - INFO - Scraping article: https://www.news18.com/business/economy/global-trade-in-2025-how-geopolitics-donald-trump-and-ai-will-shape-the-world-9186268.html
2025-01-15 08:38:43,231 - INFO - Scraping article: https://www.news18.com/business/economy/pre-budget-meeting-fm-nirmala-sitharaman-discusses-upcoming-budget-with-financial-sector-market-experts-9175414.html
2025-01-15 08:38:45,601 - INFO - Scraping category: /business/markets/commodities
2025-01-15 08:38:46,042 - INFO - Scraping article: https://www.news18.com/business/real-estate/mumbai-real-estate-market-trends-property-prices-9181026.html
2025-01-15 08:38:48,274 - INFO - Scraping article: https://www.news18.com/business/banking-finance/jumped-deposit-scam-upi-digital-payment-frauds-9186001.html
2025-01-15 08:38:50,593 - INFO - Scraping article: https://www.news18.com/business/banking-finance/bank-holidays-2025-india-rbi-list-9187954.html
2025-01-15 08:38:52,888 - INFO - Scraping article: https://www.news18.com/business/markets/standard-glass-lining-technology-ipo-lists-at-25-71-premium-should-you-sell-buy-or-hold-9186756.html
2025-01-15 08:38:55,426 - INFO - Scraping article: https://www.news18.com/business/tax/indias-agenda-for-2025-making-direct-indirect-taxes-simpler-experts-9171630.html
2025-01-15 08:38:57,863 - INFO - Scraping article: https://www.news18.com/business/economy/steady-gdp-growth-likely-rate-cuts-in-2025-to-support-credit-access-of-corporates-fitch-9187279.html
2025-01-15 08:39:00,139 - INFO - Scraping article: https://www.news18.com/business/banking-finance/makar-sankranti-2025-bank-holiday-in-maharashtra-delhi-rbi-list-9186785.html
2025-01-15 08:39:02,495 - INFO - Scraping article: https://www.news18.com/business/real-estate/the-real-estate-outlook-what-to-expect-in-2025-9170964.html
2025-01-15 08:39:05,300 - INFO - Scraping article: https://www.news18.com/business/ipo/standard-glass-lining-ipo-allotment-finalised-a-step-by-step-guide-to-check-allotment-status-online-check-gmp-today-9182925.html
2025-01-15 08:39:07,683 - INFO - Scraping article: https://www.news18.com/business/larsen-and-toubro-chairman-statement-90-hour-work-week-debate-9188479.html
2025-01-15 08:39:10,038 - INFO - Scraping article: https://www.news18.com/business/ipo/delta-autocorp-ipo-day-2-check-subscription-status-gmp-9181669.html
2025-01-15 08:39:12,875 - INFO - Scraping article: https://www.news18.com/business/real-estate/mumbai-real-estate-singer-stebin-ben-purchases-duplex-apartment-for-rs-6-67-crore-in-mumbai-9182972.html
2025-01-15 08:39:15,940 - INFO - Scraping article: https://www.news18.com/business/pm-surya-ghar-muft-bijli-yojana-subsidy-details-rooftop-solar-9188619.html
2025-01-15 08:39:18,246 - INFO - Scraping article: https://www.news18.com/business/ipo/quadrant-future-tek-ipo-listing-tomorrow-gmp-at-48-3-a-step-by-step-guide-to-check-allotment-status-online-9187256.html
2025-01-15 08:39:20,672 - INFO - Scraping article: https://www.news18.com/business/tax/gst-collection-in-december-rises-7-3-yoy-to-rs-1-77-lakh-crore-check-details-9174543.html
2025-01-15 08:39:22,936 - INFO - Scraping article: https://www.news18.com/business/real-estate/bollywood-actor-maniesh-paul-rents-out-his-office-space-in-mumbai-for-rs-2-lakh-per-month-9161413.html
2025-01-15 08:39:25,692 - INFO - Scraping article: https://www.news18.com/business/ipo/sat-kartar-shopping-ipo-day-2-check-subscription-status-gmp-today-9186853.html
2025-01-15 08:39:27,937 - INFO - Scraping article: https://www.news18.com/business/tax/is-alimony-amount-taxable-in-india-heres-what-you-need-to-know-9172611.html
2025-01-15 08:39:30,463 - INFO - Scraping article: https://www.news18.com/business/markets/hcl-tech-tanks-over-9-as-revenue-guidance-upgrade-hints-at-weaker-q4-should-you-buy-9187909.html
2025-01-15 08:39:32,761 - INFO - Scraping article: https://www.news18.com/business/economy/budget-2025-expectations-live-gst-on-gold-jewellery-gems-9182739.html
2025-01-15 08:39:35,020 - INFO - Scraping article: https://www.news18.com/web-stories/business/5-ways-to-be-debt-free-in-2025-2741509/
2025-01-15 08:39:37,399 - INFO - Scraping article: https://www.news18.com/business/savings-and-investments/cancel-sip-groww-zerodha-coin-amc-online-systematic-investment-plan-9182200.html
2025-01-15 08:39:39,677 - INFO - Scraping article: https://www.news18.com/business/real-estate/bollywood-actor-varun-dhawan-buys-two-luxury-apartments-with-mother-wife-for-rs-86-92-crore-in-mumbai-9181991.html
2025-01-15 08:39:41,917 - INFO - Scraping article: https://www.news18.com/business/ipo/quadrant-future-tek-ipo-allotment-finalised-a-step-by-step-guide-to-check-allotment-status-online-check-gmp-today-9184133.html
2025-01-15 08:39:44,154 - INFO - Scraping article: https://www.news18.com/business/tax/govt-likely-to-cut-income-tax-in-budget-2025-may-benefit-those-earning-up-to-rs-15-lakh-a-year-report-9168904.html
2025-01-15 08:39:46,428 - INFO - Scraping article: https://www.news18.com/business/real-estate/selling-inherited-house-capital-gains-property-taxes-9175389.html
2025-01-15 08:39:49,532 - INFO - Scraping article: https://www.news18.com/business/markets/ireda-shares-jump-5-on-strong-guidance-likely-rs-4500-crore-qip-in-q4fy25-9187091.html
2025-01-15 08:39:51,806 - INFO - Scraping article: https://www.news18.com/business/tax/digiyatra-income-tax-evasion-civil-aviation-it-department-9173490.html
2025-01-15 08:39:54,160 - INFO - Scraping article: https://www.news18.com/business/savings-and-investments/sebi-mutual-fund-nomination-revamp-new-rules-9187082.html
2025-01-15 08:39:56,608 - INFO - Scraping article: https://www.news18.com/business/savings-and-investments/equity-mf-inflows-grow-14-in-december-small-mid-cap-fund-bets-at-record-highs-9183147.html
2025-01-15 08:39:58,867 - INFO - Scraping article: https://www.news18.com/business/real-estate/chipi-airport-boosting-real-estate-in-sindhudurg-report-9165783.html
2025-01-15 08:40:01,295 - INFO - Scraping article: https://www.news18.com/business/markets/itc-hotels-listing-date-itc-hotels-shares-credited-to-demat-accounts-post-allotment-key-points-for-investors-9188094.html
2025-01-15 08:40:03,564 - INFO - Scraping article: https://www.news18.com/business/real-estate/infra-projects-urban-renewal-initiatives-to-push-real-estate-demand-in-2025-in-delhi-ncr-hcbs-chairman-bhupinder-singh-9185320.html
2025-01-15 08:40:05,833 - INFO - Scraping article: https://www.news18.com/business/tax/budget-2025-income-tax-slabs-old-regime-vs-new-regime-9186222.html
2025-01-15 08:40:08,115 - INFO - Scraping article: https://www.news18.com/business/economy/forex-update-indias-foreign-exchange-reserves-drop-5-69-billion-to-634-58-billion-9185102.html
2025-01-15 08:40:10,381 - INFO - Scraping article: https://www.news18.com/business/savings-and-investments/loan-on-pension-sbi-bank-of-baroda-9188461.html
2025-01-15 08:40:12,672 - INFO - Scraping article: https://www.news18.com/business/savings-and-investments/gold-rate-today-mumbai-18-carat-24-carat-22k-9187873.html
2025-01-15 08:40:14,940 - INFO - Scraping article: https://www.news18.com/business/savings-and-investments/
2025-01-15 08:40:17,508 - INFO - Scraping article: https://www.news18.com/business/economy/credit-guarantee-scheme-for-msme-launch-9183083.html
2025-01-15 08:40:19,795 - INFO - Scraping article: https://www.news18.com/business/ipo/standard-glass-lining-ipo-closes-today-should-you-apply-know-gmp-subscription-status-recommendations-9181594.html
2025-01-15 08:40:22,643 - INFO - Scraping article: https://www.news18.com/business/banking-finance/rbi-faqs-banks-offer-fixed-interest-rate-product-emi-based-personal-loans-9187339.html
2025-01-15 08:40:25,076 - INFO - Scraping article: https://www.news18.com/business/petrol-diesel-fresh-prices-announced-check-rates-in-your-city-on-january-15-9188992.html
2025-01-15 08:40:27,363 - INFO - Scraping article: https://www.news18.com/business/tax/
2025-01-15 08:40:29,723 - INFO - Scraping article: https://www.news18.com/business/savings-and-investments/small-steps-big-impact-daily-money-habits-to-transform-your-life-in-2025-9187402.html
2025-01-15 08:40:31,982 - INFO - Scraping article: https://www.news18.com/business/ipo/ema-partners-india-sme-ipo-to-open-on-january-17-aims-to-raise-rs-76-crore-9185603.html
2025-01-15 08:40:34,246 - INFO - Scraping article: https://www.news18.com/business/ipo/standard-glass-lining-ipo-allotment-out-check-listing-date-gmp-know-how-to-check-allotment-status-online-9183773.html
2025-01-15 08:40:36,545 - INFO - Scraping article: https://www.news18.com/business/real-estate/
2025-01-15 08:40:38,947 - INFO - Scraping article: https://www.news18.com/business/tax/budget-2025-expectations-salaried-employees-income-tax-slab-capital-gains-9186089.html
2025-01-15 08:40:41,239 - INFO - Scraping article: https://www.news18.com/business/banking-finance/
2025-01-15 08:40:43,739 - INFO - Scraping article: https://www.news18.com/business/ipo/laxmi-dental-ipo-opens-today-should-you-apply-check-price-gmp-subscription-status-review-9186757.html
2025-01-15 08:40:46,012 - INFO - Scraping article: https://www.news18.com/business/ipo/quadrant-future-tek-ipo-fully-subscribed-within-minutes-of-opening-for-share-sale-9180493.html
2025-01-15 08:40:48,282 - INFO - Scraping article: https://www.news18.com/business/real-estate/dwarka-expressway-sees-property-prices-surge-by-29-in-2024-amid-residential-boom-9165833.html
2025-01-15 08:40:51,161 - INFO - Scraping article: https://www.news18.com/business/hcltech-q3-results-net-profit-rises-5-5-to-rs-4591-crore-revenue-up-5-rs-18-dividend-declared-9187573.html
2025-01-15 08:40:53,506 - INFO - Scraping article: https://www.news18.com/business/real-estate/sobhas-sale-bookings-fall-29-annually-in-october-december-to-rs-1389-crore-rise-18-sequentially-9181692.html
2025-01-15 08:40:56,590 - INFO - Scraping article: https://www.news18.com/business/savings-and-investments/gold-rate-today-mumbai-24-carat-10-gram-22k-48-9182676.html
2025-01-15 08:40:59,057 - INFO - Scraping article: https://www.news18.com/business/banking-finance/pan-card-fraud-fake-email-free-e-pan-card-download-9173933.html
2025-01-15 08:41:01,759 - INFO - Scraping article: https://www.news18.com/business/tax/income-tax-calendar-2025-check-key-due-dates-for-january-9171681.html
2025-01-15 08:41:04,079 - INFO - Scraping article: https://www.news18.com/web-stories/business/all-you-need-to-know-about-new-rbi-governor-sanjay-malhotra-2677554/
2025-01-15 08:41:06,334 - INFO - Scraping article: https://www.news18.com/business/savings-and-investments/gold-prices-rise-today-in-india-check-22-24-carat-bullion-rate-in-your-city-on-january-11-9185089.html
2025-01-15 08:41:08,986 - INFO - Scraping article: https://www.news18.com/business/tax/benami-property-transactions-income-tax-department-asset-attachment-9188572.html
2025-01-15 08:41:11,247 - INFO - Scraping article: https://www.news18.com/business/ipo/quadrant-future-tek-ipo-day-3-check-subscription-status-gmp-today-9182932.html
2025-01-15 08:41:13,664 - INFO - Scraping article: https://www.news18.com/business/savings-and-investments/india-gold-rate-today-22-carat-10-gram-9185966.html
2025-01-15 08:41:15,914 - INFO - Scraping article: https://www.news18.com/business/banking-finance/rbi-approves-hdfc-banks-acquisition-of-9-5-stakes-in-au-small-finance-bank-details-here-9176878.html
2025-01-15 08:41:18,179 - INFO - Scraping article: https://www.news18.com/business/economy/factory-output-growth-hits-6-month-high-of-5-2-in-november-govt-data-9184634.html
2025-01-15 08:41:20,520 - INFO - Scraping article: https://www.news18.com/business/economy/indias-quick-commerce-boom-2-43-million-blue-collar-jobs-needed-by-2027-report-9183003.html
2025-01-15 08:41:22,885 - INFO - Scraping article: https://www.news18.com/business/tax/confused-about-18-gst-on-used-cars-heres-everything-you-need-to-know-9168771.html
2025-01-15 08:41:25,243 - INFO - Scraping article: https://www.news18.com/business/real-estate/prateek-group-launches-rs-6000-crore-luxury-housing-project-in-ghaziabad-check-details-9185166.html
2025-01-15 08:41:27,500 - INFO - Scraping article: https://www.news18.com/business/economy/retail-inflation-eases-to-4-month-low-of-5-22-in-december-govt-data-9187344.html
2025-01-15 08:41:30,539 - INFO - Scraping article: https://www.news18.com/business/real-estate/dda-sasta-ghar-beneficiaries-delhi-camps-housing-scheme-9180662.html
2025-01-15 08:41:33,121 - INFO - Scraping article: https://www.news18.com/business/tax/belated-itr-due-date-extended-income-tax-return-9173559.html
2025-01-15 08:41:35,399 - INFO - Scraping article: https://www.news18.com/business/banking-finance/pnb-kyc-online-last-date-punjab-national-bank-9188381.html
2025-01-15 08:41:38,072 - INFO - Scraping article: https://www.news18.com/web-stories/business/pan-2-0-announced-all-you-need-to-know-2640577/
2025-01-15 08:41:40,346 - INFO - Scraping article: https://www.news18.com/business/banking-finance/rbi-allows-upi-access-for-prepaid-payment-instruments-via-3rd-party-applications-9169889.html
2025-01-15 08:41:43,086 - INFO - Scraping article: https://www.news18.com/business/markets/stock-market-updates-sensex-opens-330-points-higher-at-76665-nifty-at-23200-9187897.html
2025-01-15 08:41:45,431 - INFO - Scraping article: https://www.news18.com/business/economy/gdp-growth-likely-to-be-6-3-in-fy25-tad-below-govt-estimates-sbi-report-9182125.html
2025-01-15 08:41:47,700 - INFO - Scraping article: https://www.news18.com/business/savings-and-investments/gold-prices-rise-today-in-india-check-22-24-carat-bullion-rate-in-your-city-on-january-10-9183882.html
2025-01-15 08:41:50,006 - INFO - Scraping article: https://www.news18.com/business/markets/hcl-tech-q3-results-today-higher-revenue-dividend-announcement-other-key-things-to-watch-out-9186750.html
2025-01-15 08:41:52,380 - INFO - Scraping article: https://www.news18.com/business/markets/stocks-to-watch-hdfc-life-adani-energy-hindalco-irfc-shoppers-stop-and-others-9188999.html
2025-01-15 08:41:54,669 - INFO - Scraping article: https://www.news18.com/business/markets/petrol-diesel-fresh-prices-announced-check-rates-in-your-city-on-january-14-9187821.html
2025-01-15 08:41:57,029 - INFO - Scraping article: https://www.news18.com/business/economy/budget-2025-expectations-education-finance-minister-nirmala-sitharaman-9188075.html
2025-01-15 08:41:59,305 - INFO - Scraping article: https://www.news18.com/business/economy/wholesale-price-inflation-rises-to-2-37-in-december-9188117.html
2025-01-15 08:42:01,614 - INFO - Scraping article: https://www.news18.com/business/markets/dmart-shares-tank-6-as-q3-earnings-fail-to-impress-d-street-should-you-invest-9186890.html
2025-01-15 08:42:04,322 - INFO - Scraping article: https://www.news18.com/business/savings-and-investments/borrowing-in-2025-heres-why-it-has-got-tougher-to-juggle-multiple-loans-9176196.html
2025-01-15 08:42:07,045 - INFO - Scraping article: https://www.news18.com/web-stories/business/5-tips-to-improve-your-credit-score-in-2025-2732317/
2025-01-15 08:42:09,234 - INFO - Scraping article: https://www.news18.com/business/banking-finance/private-banks-grapple-with-25-attrition-rate-operational-risks-loom-rbi-9172426.html
2025-01-15 08:42:12,223 - INFO - Scraping article: https://www.news18.com/business/
2025-01-15 08:42:14,584 - INFO - Scraping article: https://www.news18.com/business/ipo/quadrant-future-tek-ipo-allotment-out-check-listing-date-gmp-a-step-by-step-guide-to-check-allotment-status-online-9185047.html
2025-01-15 08:42:16,838 - INFO - Scraping article: https://www.news18.com/business/savings-and-investments/pnb-revises-fd-interest-rates-introduces-two-tenures-check-latest-interest-rates-9175991.html
2025-01-15 08:42:19,166 - INFO - Scraping article: https://www.news18.com/business/real-estate/housing-sales-fall-4-yoy-in-2024-but-sales-value-up-16-in-top-7-cities-report-9168802.html
2025-01-15 08:42:21,640 - INFO - Scraping article: https://www.news18.com/business/real-estate/imposing-gst-on-fsi-charges-could-raise-housing-prices-by-10-impact-demand-realty-developers-9163515.html
2025-01-15 08:42:23,945 - INFO - Scraping article: https://www.news18.com/business/tax/belated-itr-due-date-extension-income-tax-return-filing-steps-9165252.html
2025-01-15 08:42:26,283 - INFO - Scraping article: https://www.news18.com/business/economy/global-trade-in-2025-how-geopolitics-donald-trump-and-ai-will-shape-the-world-9186268.html
2025-01-15 08:42:28,576 - INFO - Scraping article: https://www.news18.com/business/ipo/sat-kartar-shopping-ipo-check-subscription-status-gmp-today-9184045.html
2025-01-15 08:42:30,857 - INFO - Scraping article: https://www.news18.com/news/
2025-01-15 08:42:33,213 - INFO - Scraping article: https://www.news18.com/business/savings-and-investments/how-to-save-for-your-childs-education-planning-for-rising-costs-in-india-9185357.html
2025-01-15 08:42:35,512 - INFO - Scraping article: https://www.news18.com/business/tax/budget-2025-income-tax-cut-likely-know-current-rates-slabs-under-new-tax-regime-vs-old-tax-regime-9176012.html
2025-01-15 08:42:37,786 - INFO - Scraping article: https://www.news18.com/business/markets/sensex-crashes-1100-points-investors-lose-over-14-lakh-crore-why-is-market-falling-9187199.html
2025-01-15 08:42:40,605 - INFO - Scraping article: https://www.news18.com/business/banking-finance/rbi-lifts-supervisory-restrictions-on-dmi-finance-asirvad-micro-finance-check-details-9182329.html
2025-01-15 08:42:42,960 - INFO - Scraping article: https://www.news18.com/business/banking-finance/bank-officers-union-threatens-to-call-on-two-day-nationwide-strike-9183378.html
2025-01-15 08:42:45,213 - INFO - Scraping article: https://www.news18.com/business/economy/rupee-at-fresh-all-time-low-declines-13-paise-to-85-87-against-us-dollar-9182072.html
2025-01-15 08:42:47,501 - INFO - Scraping article: https://www.news18.com/business/real-estate/max-estates-sells-luxury-homes-worth-rs-845-crore-in-noida-details-here-9170047.html
2025-01-15 08:42:49,993 - INFO - Scraping article: https://www.news18.com/business/economy/
2025-01-15 08:42:52,685 - INFO - Scraping article: https://www.news18.com/web-stories/business/budget-2025-know-current-rates-of-slabs-under-new-tax-regime-vs-old-tax-regime-2751964/
2025-01-15 08:42:54,926 - INFO - Scraping article: https://www.news18.com/business/savings-and-investments/small-cap-mutual-fund-return-calculator-mid-cap-large-cap-9188190.html
2025-01-15 08:42:57,645 - INFO - Scraping article: https://www.news18.com/business/markets/bse-shares-surge-5-after-jefferies-raises-target-price-should-you-invest-9188006.html
2025-01-15 08:42:59,922 - INFO - Scraping article: https://www.news18.com/business/tax/budget-2025-revised-income-tax-slabs-higher-standard-deduction-section-80c-limit-increase-know-key-expectations-9186868.html
2025-01-15 08:43:02,554 - INFO - Scraping article: https://www.news18.com/business/economy/indian-economy-to-grow-6-4-in-2024-25-govt-estimates-9180897.html
2025-01-15 08:43:04,830 - INFO - Scraping article: https://www.news18.com/business/banking-finance/bank-holiday-january-2025-india-rbi-list-9171610.html
2025-01-15 08:43:07,179 - INFO - Scraping article: https://www.news18.com/business/real-estate/amaravati-guntur-vijayawada-emerge-as-new-residential-favourites-in-south-india-in-2024-9160319.html
2025-01-15 08:43:09,797 - INFO - Scraping article: https://www.news18.com/business/banking-finance/mfi-portfolio-declines-bad-assets-spike-in-september-2024-quarter-report-9182050.html
2025-01-15 08:43:12,378 - INFO - Scraping article: https://www.news18.com/business/ipo/
2025-01-15 08:43:15,093 - INFO - Scraping article: https://www.news18.com/business/markets/
2025-01-15 08:43:17,466 - INFO - Scraping article: https://www.news18.com/business/economy/indias-palm-oil-imports-decline-as-soybean-oil-gains-market-share-9188235.html
2025-01-15 08:43:19,826 - INFO - Scraping article: https://www.news18.com/business/savings-and-investments/ppf-vs-nps-vs-epf-provident-fund-which-is-better-retirement-planning-9183267.html
2025-01-15 08:43:22,104 - INFO - Scraping article: https://www.news18.com/business/savings-and-investments/gold-rate-today-india-mumbai-24-carat-10-gram-22k-9186707.html
2025-01-15 08:43:24,345 - INFO - Scraping article: https://www.news18.com/business/savings-and-investments/how-much-money-should-you-have-to-retire-early-in-india-9183391.html
2025-01-15 08:43:26,627 - INFO - Scraping article: https://www.news18.com/business/economy/rupee-hits-86-against-us-dollar-for-the-first-time-in-history-settles-14-paise-lower-9184613.html
2025-01-15 08:43:28,856 - INFO - Scraping article: https://www.news18.com/business/tax/budget-2025-expectations-salaried-employees-deductions-under-80c-9182847.html
2025-01-15 08:43:31,133 - INFO - Scraping article: https://www.news18.com/business/ipo/laxmi-dental-ipo-to-open-next-week-check-price-gmp-issue-size-all-you-need-to-know-9182113.html
2025-01-15 08:43:33,400 - INFO - Scraping article: https://www.news18.com/web-stories/business//
2025-01-15 08:43:35,789 - INFO - Scraping article: https://www.news18.com/business/ipo/quadrant-future-tek-ipo-day-2-check-subscription-status-gmp-9181595.html
2025-01-15 08:43:38,100 - INFO - Scraping article: https://www.news18.com/business/banking-finance/punjab-national-bank-reports-15-loan-growth-in-q3-9175430.html
2025-01-15 08:43:40,920 - INFO - Scraping article: https://www.news18.com/business/tax/budget-2025-finance-bill-likely-to-upgrade-income-tax-application-with-ai-for-efficient-audits-flagging-of-frauds-enhanced-capacity-9188047.html
2025-01-15 08:43:43,198 - INFO - Scraping article: https://www.news18.com/business/markets/stocks-to-watch-hcl-tech-delta-corp-united-spirits-bel-hdfc-amc-and-others-9187827.html
2025-01-15 08:43:45,816 - INFO - Scraping article: https://www.news18.com/business/savings-and-investments/how-much-should-you-be-earning-at-40-to-retire-at-50-in-india-9184307.html
2025-01-15 08:43:49,112 - INFO - Scraping category: /news/business/gold-price-today
2025-01-15 08:43:49,664 - INFO - Scraping article: https://www.news18.com/business/markets/stocks-to-watch-hdfc-life-adani-energy-hindalco-irfc-shoppers-stop-and-others-9188999.html
2025-01-15 08:43:52,024 - INFO - Scraping article: https://www.news18.com/business/markets/itc-hotels-listing-date-itc-hotels-shares-credited-to-demat-accounts-post-allotment-key-points-for-investors-9188094.html
2025-01-15 08:43:54,352 - INFO - Scraping article: https://www.news18.com/news/
2025-01-15 08:43:56,625 - INFO - Scraping article: https://www.news18.com/business/
2025-01-15 08:43:59,094 - INFO - Scraping article: https://www.news18.com/business/petrol-diesel-fresh-prices-announced-check-rates-in-your-city-on-january-15-9188992.html
2025-01-15 08:44:01,445 - INFO - Scraping category: /news/environment/climate-change
2025-01-15 08:44:01,796 - INFO - Scraping article: https://www.news18.com/business/markets/stocks-to-watch-hdfc-life-adani-energy-hindalco-irfc-shoppers-stop-and-others-9188999.html
2025-01-15 08:44:04,040 - INFO - Scraping article: https://www.news18.com/business/markets/itc-hotels-listing-date-itc-hotels-shares-credited-to-demat-accounts-post-allotment-key-points-for-investors-9188094.html
2025-01-15 08:44:06,258 - INFO - Scraping article: https://www.news18.com/news/
2025-01-15 08:44:08,534 - INFO - Scraping article: https://www.news18.com/business/
2025-01-15 08:44:10,993 - INFO - Scraping article: https://www.news18.com/business/petrol-diesel-fresh-prices-announced-check-rates-in-your-city-on-january-15-9188992.html
2025-01-15 08:44:13,297 - INFO - Scraping completed. Total articles scraped: 170
